[2021-12-10 16:41:44,863] [RequestDecorator.py:15] [RequestDecorator:interceptToken] [INFO]- 检查request中是否包含token和userId
[2021-12-10 16:41:44,866] [RequestDecorator.py:15] [RequestDecorator:interceptToken] [INFO]- 检查request中是否包含token和userId
[2021-12-10 16:41:44,866] [RequestDecorator.py:16] [RequestDecorator:interceptToken] [INFO]- 执行的请求为getquestioninfo():
[2021-12-10 16:41:44,867] [RequestDecorator.py:16] [RequestDecorator:interceptToken] [INFO]- 执行的请求为getPrjUserinfo():
[2021-12-10 16:41:44,867] [RequestDecorator.py:20] [RequestDecorator:interceptToken] [INFO]- 获取数据库中存在的token
[2021-12-10 16:41:44,868] [RequestDecorator.py:20] [RequestDecorator:interceptToken] [INFO]- 获取数据库中存在的token
[2021-12-10 16:41:44,888] [RequestDecorator.py:34] [RequestDecorator:interceptToken] [INFO]- 两个token一致
[2021-12-10 16:41:44,890] [RequestDecorator.py:34] [RequestDecorator:interceptToken] [INFO]- 两个token一致
[2021-12-10 18:41:48,547] [RequestDecorator.py:15] [RequestDecorator:interceptToken] [INFO]- 检查request中是否包含token和userId
[2021-12-10 18:41:48,556] [RequestDecorator.py:15] [RequestDecorator:interceptToken] [INFO]- 检查request中是否包含token和userId
[2021-12-10 18:41:48,557] [RequestDecorator.py:16] [RequestDecorator:interceptToken] [INFO]- 执行的请求为getPrjUserinfo():
[2021-12-10 18:41:48,558] [RequestDecorator.py:16] [RequestDecorator:interceptToken] [INFO]- 执行的请求为getquestioninfo():
[2021-12-10 18:41:48,558] [RequestDecorator.py:20] [RequestDecorator:interceptToken] [INFO]- 获取数据库中存在的token
[2021-12-10 18:41:48,560] [RequestDecorator.py:20] [RequestDecorator:interceptToken] [INFO]- 获取数据库中存在的token
[2021-12-10 18:41:48,589] [RequestDecorator.py:34] [RequestDecorator:interceptToken] [INFO]- 两个token一致
[2021-12-10 18:41:48,593] [RequestDecorator.py:34] [RequestDecorator:interceptToken] [INFO]- 两个token一致
[2021-12-10 18:41:49,823] [RequestDecorator.py:15] [RequestDecorator:interceptToken] [INFO]- 检查request中是否包含token和userId
[2021-12-10 18:41:49,824] [RequestDecorator.py:16] [RequestDecorator:interceptToken] [INFO]- 执行的请求为getquestioninfo():
[2021-12-10 18:41:49,825] [RequestDecorator.py:20] [RequestDecorator:interceptToken] [INFO]- 获取数据库中存在的token
[2021-12-10 18:41:49,835] [RequestDecorator.py:34] [RequestDecorator:interceptToken] [INFO]- 两个token一致
[2021-12-10 18:42:37,710] [RequestDecorator.py:15] [RequestDecorator:interceptToken] [INFO]- 检查request中是否包含token和userId
[2021-12-10 18:42:37,711] [RequestDecorator.py:16] [RequestDecorator:interceptToken] [INFO]- 执行的请求为getquestionhistory():
[2021-12-10 18:42:37,713] [RequestDecorator.py:20] [RequestDecorator:interceptToken] [INFO]- 获取数据库中存在的token
[2021-12-10 18:42:37,727] [RequestDecorator.py:34] [RequestDecorator:interceptToken] [INFO]- 两个token一致
[2021-12-10 18:42:37,745] [RequestDecorator.py:15] [RequestDecorator:interceptToken] [INFO]- 检查request中是否包含token和userId
[2021-12-10 18:42:37,746] [RequestDecorator.py:16] [RequestDecorator:interceptToken] [INFO]- 执行的请求为getquestionrepeatSteps():
[2021-12-10 18:42:37,749] [RequestDecorator.py:20] [RequestDecorator:interceptToken] [INFO]- 获取数据库中存在的token
[2021-12-10 18:42:37,784] [RequestDecorator.py:34] [RequestDecorator:interceptToken] [INFO]- 两个token一致
[2021-12-10 18:42:43,675] [RequestDecorator.py:15] [RequestDecorator:interceptToken] [INFO]- 检查request中是否包含token和userId
[2021-12-10 18:42:43,682] [RequestDecorator.py:15] [RequestDecorator:interceptToken] [INFO]- 检查request中是否包含token和userId
[2021-12-10 18:42:43,682] [RequestDecorator.py:16] [RequestDecorator:interceptToken] [INFO]- 执行的请求为getquestionhistory():
[2021-12-10 18:42:43,683] [RequestDecorator.py:16] [RequestDecorator:interceptToken] [INFO]- 执行的请求为getquestionrepeatSteps():
[2021-12-10 18:42:43,688] [RequestDecorator.py:20] [RequestDecorator:interceptToken] [INFO]- 获取数据库中存在的token
[2021-12-10 18:42:43,692] [RequestDecorator.py:20] [RequestDecorator:interceptToken] [INFO]- 获取数据库中存在的token
[2021-12-10 18:42:43,731] [RequestDecorator.py:34] [RequestDecorator:interceptToken] [INFO]- 两个token一致
[2021-12-10 18:42:43,738] [RequestDecorator.py:34] [RequestDecorator:interceptToken] [INFO]- 两个token一致
[2021-12-10 18:51:18,945] [RequestDecorator.py:15] [RequestDecorator:interceptToken] [INFO]- 检查request中是否包含token和userId
[2021-12-10 18:51:18,949] [RequestDecorator.py:15] [RequestDecorator:interceptToken] [INFO]- 检查request中是否包含token和userId
[2021-12-10 18:51:18,950] [RequestDecorator.py:16] [RequestDecorator:interceptToken] [INFO]- 执行的请求为getquestioninfo():
[2021-12-10 18:51:18,951] [RequestDecorator.py:16] [RequestDecorator:interceptToken] [INFO]- 执行的请求为getPrjUserinfo():
[2021-12-10 18:51:18,951] [RequestDecorator.py:20] [RequestDecorator:interceptToken] [INFO]- 获取数据库中存在的token
[2021-12-10 18:51:18,952] [RequestDecorator.py:20] [RequestDecorator:interceptToken] [INFO]- 获取数据库中存在的token
[2021-12-10 18:51:18,975] [RequestDecorator.py:34] [RequestDecorator:interceptToken] [INFO]- 两个token一致
[2021-12-10 18:51:18,982] [RequestDecorator.py:34] [RequestDecorator:interceptToken] [INFO]- 两个token一致
